<?xml version="1.0" encoding="utf-8"?><testsuites name="pytest tests"><testsuite name="pytest" errors="0" failures="0" skipped="0" tests="19" time="6.613" timestamp="2026-09-09T14:25:25.790305+00:00" hostname="agent-env-4eba57f2-a515-436d-abd8-a8870f73bd83"><testcase classname="tests.backend_test.TestAuth" name="test_login_admin" time="0.531" /><testcase classname="tests.backend_test.TestAuth" name="test_login_invalid" time="0.248" /><testcase classname="tests.backend_test.TestClientsScoping" name="test_admin_sees_all_clients" time="0.967" /><testcase classname="tests.backend_test.TestAuth" name="test_me_requires_auth" time="0.239" /><testcase classname="tests.backend_test.TestClientsScoping" name="test_employee_sees_only_assigned" time="0.694" /><testcase classname="tests.backend_test.TestClientsScoping" name="test_employee_cannot_access_others_client" time="0.404" /><testcase classname="tests.backend_test.TestAuth" name="test_me_ok" time="0.796" /><testcase classname="tests.backend_test.TestAuthGuards" name="test_requires_auth[/clients]" time="0.169" /><testcase classname="tests.backend_test.TestAuthGuards" name="test_requires_auth[/tasks]" time="0.143" /><testcase classname="tests.backend_test.TestClientsScoping" name="test_search_and_stage_filter" time="0.401" /><testcase classname="tests.backend_test.TestAuthGuards" name="test_requires_auth[/employees]" time="0.247" /><testcase classname="tests.backend_test.TestAuthGuards" name="test_requires_auth[/dashboard/stats]" time="0.155" /><testcase classname="tests.backend_test.TestDashboard" name="test_admin_sees_all" time="0.144" /><testcase classname="tests.backend_test.TestDashboard" name="test_employee_scoped" time="0.298" /><testcase classname="tests.backend_test.TestClientCRUD" name="test_admin_create_edit_stage_delete" time="2.043" /><testcase classname="tests.backend_test.TestEmployees" name="test_employee_cannot_create_employee" time="0.171" /><testcase classname="tests.backend_test.TestEmployees" name="test_admin_create_and_delete_employee" time="1.569" /><testcase classname="tests.backend_test.TestClientCRUD" name="test_employee_create_auto_assigns_self" time="0.528" /><testcase classname="tests.backend_test.TestTasks" name="test_admin_tasks_crud_and_scope" time="0.908" /></testsuite></testsuites>